c:\users\administrateur.win-caqun4j20na\appdata\local\temp\wst\050874a2-79b4-46b2-a823-e846da11e483\001
z:\shared\fsfilter1\x64\debug\fsfilter1.sys
z:\shared\fsfilter1\x64\debug\fsfilter1\fsfilter1.cat
c:\users\administrateur.win-caqun4j20na\appdata\local\temp\wst\260fbf9b-588f-491e-87ae-6a384c324c72\002
c:\users\administrateur.win-caqun4j20na\appdata\local\temp\wst\1f62992a-ac35-4741-a434-80183fb0d57c\001
c:\users\administrateur.win-caqun4j20na\appdata\local\temp\wst\3fb04494-b0d4-4af1-a6b1-d0c91be48177\002
c:\users\administrateur.win-caqun4j20na\appdata\local\temp\wst\0321f26b-569d-4d6e-aed7-d347c1a2b40a\001
z:\shared\fsfilter1\fsfilter1\x64\debug\vc140.pdb
z:\shared\fsfilter1\fsfilter1\x64\debug\fsfilter1.obj
z:\shared\fsfilter1\fsfilter1\x64\debug\trace.obj
z:\shared\fsfilter1\fsfilter1\x64\debug\log.obj
z:\shared\fsfilter1\fsfilter1\x64\debug\actions.obj
z:\shared\fsfilter1\fsfilter1\x64\debug\common.obj
z:\shared\fsfilter1\fsfilter1\x64\debug\extension.obj
z:\shared\fsfilter1\fsfilter1\x64\debug\config.obj
c:\users\administrateur.win-caqun4j20na\appdata\local\temp\wst\48a9f1d1-8e04-46d9-b93f-5b71ec245739\002
c:\users\administrateur.win-caqun4j20na\appdata\local\temp\wst\513655b7-564d-48e6-b09e-dab8020499fd\002
c:\users\administrateur.win-caqun4j20na\appdata\local\temp\wst\8fff7135-1054-4336-a85c-6511370d73ed\002
c:\users\administrateur.win-caqun4j20na\appdata\local\temp\wst\0c8047e3-2df1-47a6-8934-00c025095828\002
c:\users\administrateur.win-caqun4j20na\appdata\local\temp\wst\afa7d3ef-1b34-467a-8373-4fdfc90ae4ee\001
c:\users\administrateur.win-caqun4j20na\appdata\local\temp\wst\6da24739-8fe8-4d86-80aa-a15fbd30e49c\002
c:\users\administrateur.win-caqun4j20na\appdata\local\temp\wst\8fff7135-1054-4336-a85c-6511370d73ed\001
z:\shared\fsfilter1\fsfilter1\x64\debug\fsfilter1.inf
c:\users\administrateur.win-caqun4j20na\appdata\local\temp\wst\6da24739-8fe8-4d86-80aa-a15fbd30e49c\001
c:\users\administrateur.win-caqun4j20na\appdata\local\temp\wst\b01c7d07-1d5b-4c56-ba7e-020eab5c4a81\002
c:\users\administrateur.win-caqun4j20na\appdata\local\temp\wst\d8098af5-9e67-4701-8b94-df0c599d42f8\002
c:\users\administrateur.win-caqun4j20na\appdata\local\temp\wst\050874a2-79b4-46b2-a823-e846da11e483\002
c:\users\administrateur.win-caqun4j20na\appdata\local\temp\wst\48a9f1d1-8e04-46d9-b93f-5b71ec245739\001
c:\users\administrateur.win-caqun4j20na\appdata\local\temp\wst\2b27dbe9-3b5f-4aa7-82c5-c4193e365d43\001
c:\users\administrateur.win-caqun4j20na\appdata\local\temp\wst\1d777c8f-9cd4-4eaa-940e-24019630c17e\001
c:\users\administrateur.win-caqun4j20na\appdata\local\temp\wst\ee8b0eb9-b65b-44f1-9198-edf259fb520e\001
c:\users\administrateur.win-caqun4j20na\appdata\local\temp\wst\f6316fcc-5fed-49fd-9213-29e75d3fd674\001
c:\users\administrateur.win-caqun4j20na\appdata\local\temp\wst\4afed5d2-e9fe-4632-b459-e0dfa93e9dcc\001
c:\users\administrateur.win-caqun4j20na\appdata\local\temp\wst\32e9ead9-dfea-49a6-859f-a4399d61511a\002
c:\users\administrateur.win-caqun4j20na\appdata\local\temp\wst\1d777c8f-9cd4-4eaa-940e-24019630c17e\002
c:\users\administrateur.win-caqun4j20na\appdata\local\temp\wst\46ce5cbd-f97f-4d6a-b04d-e6393793bed3\001
c:\users\administrateur.win-caqun4j20na\appdata\local\temp\wst\0c8047e3-2df1-47a6-8934-00c025095828\001
c:\users\administrateur.win-caqun4j20na\appdata\local\temp\wst\3c7d23a2-e052-4b09-a333-2e475be92628\001
c:\users\administrateur.win-caqun4j20na\appdata\local\temp\wst\2b27dbe9-3b5f-4aa7-82c5-c4193e365d43\002
c:\users\administrateur.win-caqun4j20na\appdata\local\temp\wst\f6316fcc-5fed-49fd-9213-29e75d3fd674\002
c:\users\administrateur.win-caqun4j20na\appdata\local\temp\wst\5bc0b113-3abd-4a85-a2de-68ce230f423c\001
c:\users\administrateur.win-caqun4j20na\appdata\local\temp\wst\c97340c3-4a6e-42cd-aa8b-78034377a324\001
c:\users\administrateur.win-caqun4j20na\appdata\local\temp\wst\b01c7d07-1d5b-4c56-ba7e-020eab5c4a81\001
c:\users\administrateur.win-caqun4j20na\appdata\local\temp\wst\afa7d3ef-1b34-467a-8373-4fdfc90ae4ee\002
c:\users\administrateur.win-caqun4j20na\appdata\local\temp\wst\6cba3744-5a6d-4114-bb81-153244d9fffa\002
c:\users\administrateur.win-caqun4j20na\appdata\local\temp\wst\46ce5cbd-f97f-4d6a-b04d-e6393793bed3\002
z:\shared\fsfilter1\x64\debug\fsfilter1.pdb
c:\users\administrateur.win-caqun4j20na\appdata\local\temp\wst\3c7d23a2-e052-4b09-a333-2e475be92628\002
c:\users\administrateur.win-caqun4j20na\appdata\local\temp\wst\0321f26b-569d-4d6e-aed7-d347c1a2b40a\002
c:\users\administrateur.win-caqun4j20na\appdata\local\temp\wst\c933d0be-aa33-4966-8d25-8b858a1c6010\002
c:\users\administrateur.win-caqun4j20na\appdata\local\temp\wst\513655b7-564d-48e6-b09e-dab8020499fd\001
c:\users\administrateur.win-caqun4j20na\appdata\local\temp\wst\611d157d-968d-4ff8-ada6-2ca4679bfbff\001
c:\users\administrateur.win-caqun4j20na\appdata\local\temp\wst\cdcf3567-889e-4135-b564-5d7a617c3b7e\002
c:\users\administrateur.win-caqun4j20na\appdata\local\temp\wst\260fbf9b-588f-491e-87ae-6a384c324c72\001
c:\users\administrateur.win-caqun4j20na\appdata\local\temp\wst\8030dcfa-ae6a-4394-b38b-175af6422e87\002
c:\users\administrateur.win-caqun4j20na\appdata\local\temp\wst\cdcf3567-889e-4135-b564-5d7a617c3b7e\001
c:\users\administrateur.win-caqun4j20na\appdata\local\temp\wst\5f643375-39c0-4e80-b2dc-f731ab266c7b\002
c:\users\administrateur.win-caqun4j20na\appdata\local\temp\wst\ee8b0eb9-b65b-44f1-9198-edf259fb520e\002
c:\users\administrateur.win-caqun4j20na\appdata\local\temp\wst\8030dcfa-ae6a-4394-b38b-175af6422e87\001
c:\users\administrateur.win-caqun4j20na\appdata\local\temp\wst\5bc0b113-3abd-4a85-a2de-68ce230f423c\002
c:\users\administrateur.win-caqun4j20na\appdata\local\temp\wst\bf11e13e-4fb9-42e6-b5b8-8883ee1354d9\002
c:\users\administrateur.win-caqun4j20na\appdata\local\temp\wst\c933d0be-aa33-4966-8d25-8b858a1c6010\001
c:\users\administrateur.win-caqun4j20na\appdata\local\temp\wst\5f643375-39c0-4e80-b2dc-f731ab266c7b\001
c:\users\administrateur.win-caqun4j20na\appdata\local\temp\wst\3fb04494-b0d4-4af1-a6b1-d0c91be48177\001
c:\users\administrateur.win-caqun4j20na\appdata\local\temp\wst\c6337d17-6933-4fb0-9a2c-d90e0b575ca4\001
c:\users\administrateur.win-caqun4j20na\appdata\local\temp\wst\ca84dc98-d938-450d-a22f-1e24dd2697b4\001
c:\users\administrateur.win-caqun4j20na\appdata\local\temp\wst\4afed5d2-e9fe-4632-b459-e0dfa93e9dcc\002
c:\users\administrateur.win-caqun4j20na\appdata\local\temp\wst\ca84dc98-d938-450d-a22f-1e24dd2697b4\002
c:\users\administrateur.win-caqun4j20na\appdata\local\temp\wst\c97340c3-4a6e-42cd-aa8b-78034377a324\002
c:\users\administrateur.win-caqun4j20na\appdata\local\temp\wst\32e9ead9-dfea-49a6-859f-a4399d61511a\001
c:\users\administrateur.win-caqun4j20na\appdata\local\temp\wst\6cba3744-5a6d-4114-bb81-153244d9fffa\001
c:\users\administrateur.win-caqun4j20na\appdata\local\temp\wst\3069f8cb-9787-42d7-9e13-24b3b8e410f8\001
c:\users\administrateur.win-caqun4j20na\appdata\local\temp\wst\611d157d-968d-4ff8-ada6-2ca4679bfbff\002
z:\shared\fsfilter1\fsfilter1\x64\debug\fsfilter1.res
c:\users\administrateur.win-caqun4j20na\appdata\local\temp\wst\1f62992a-ac35-4741-a434-80183fb0d57c\002
c:\users\administrateur.win-caqun4j20na\appdata\local\temp\wst\3069f8cb-9787-42d7-9e13-24b3b8e410f8\000
c:\users\administrateur.win-caqun4j20na\appdata\local\temp\wst\b01c7d07-1d5b-4c56-ba7e-020eab5c4a81\000
c:\users\administrateur.win-caqun4j20na\appdata\local\temp\wst\32e9ead9-dfea-49a6-859f-a4399d61511a\000
c:\users\administrateur.win-caqun4j20na\appdata\local\temp\wst\0321f26b-569d-4d6e-aed7-d347c1a2b40a\000
c:\users\administrateur.win-caqun4j20na\appdata\local\temp\wst\f6316fcc-5fed-49fd-9213-29e75d3fd674\000
c:\users\administrateur.win-caqun4j20na\appdata\local\temp\wst\0c8047e3-2df1-47a6-8934-00c025095828\000
c:\users\administrateur.win-caqun4j20na\appdata\local\temp\wst\cdcf3567-889e-4135-b564-5d7a617c3b7e\000
c:\users\administrateur.win-caqun4j20na\appdata\local\temp\wst\5f643375-39c0-4e80-b2dc-f731ab266c7b\000
c:\users\administrateur.win-caqun4j20na\appdata\local\temp\wst\ee8b0eb9-b65b-44f1-9198-edf259fb520e\000
c:\users\administrateur.win-caqun4j20na\appdata\local\temp\wst\4afed5d2-e9fe-4632-b459-e0dfa93e9dcc\000
c:\users\administrateur.win-caqun4j20na\appdata\local\temp\wst\afa7d3ef-1b34-467a-8373-4fdfc90ae4ee\000
c:\users\administrateur.win-caqun4j20na\appdata\local\temp\wst\1f62992a-ac35-4741-a434-80183fb0d57c\000
c:\users\administrateur.win-caqun4j20na\appdata\local\temp\wst\2b27dbe9-3b5f-4aa7-82c5-c4193e365d43\000
c:\users\administrateur.win-caqun4j20na\appdata\local\temp\wst\611d157d-968d-4ff8-ada6-2ca4679bfbff\000
c:\users\administrateur.win-caqun4j20na\appdata\local\temp\wst\513655b7-564d-48e6-b09e-dab8020499fd\000
c:\users\administrateur.win-caqun4j20na\appdata\local\temp\wst\c933d0be-aa33-4966-8d25-8b858a1c6010\000
c:\users\administrateur.win-caqun4j20na\appdata\local\temp\wst\c6337d17-6933-4fb0-9a2c-d90e0b575ca4\000
c:\users\administrateur.win-caqun4j20na\appdata\local\temp\wst\ca84dc98-d938-450d-a22f-1e24dd2697b4\000
c:\users\administrateur.win-caqun4j20na\appdata\local\temp\wst\bf11e13e-4fb9-42e6-b5b8-8883ee1354d9\000
c:\users\administrateur.win-caqun4j20na\appdata\local\temp\wst\c97340c3-4a6e-42cd-aa8b-78034377a324\000
c:\users\administrateur.win-caqun4j20na\appdata\local\temp\wst\48a9f1d1-8e04-46d9-b93f-5b71ec245739\000
c:\users\administrateur.win-caqun4j20na\appdata\local\temp\wst\5bc0b113-3abd-4a85-a2de-68ce230f423c\000
c:\users\administrateur.win-caqun4j20na\appdata\local\temp\wst\6cba3744-5a6d-4114-bb81-153244d9fffa\000
c:\users\administrateur.win-caqun4j20na\appdata\local\temp\wst\050874a2-79b4-46b2-a823-e846da11e483\000
c:\users\administrateur.win-caqun4j20na\appdata\local\temp\wst\1d777c8f-9cd4-4eaa-940e-24019630c17e\000
c:\users\administrateur.win-caqun4j20na\appdata\local\temp\wst\6da24739-8fe8-4d86-80aa-a15fbd30e49c\000
c:\users\administrateur.win-caqun4j20na\appdata\local\temp\wst\8030dcfa-ae6a-4394-b38b-175af6422e87\000
c:\users\administrateur.win-caqun4j20na\appdata\local\temp\wst\8fff7135-1054-4336-a85c-6511370d73ed\000
c:\users\administrateur.win-caqun4j20na\appdata\local\temp\wst\46ce5cbd-f97f-4d6a-b04d-e6393793bed3\000
c:\users\administrateur.win-caqun4j20na\appdata\local\temp\wst\d8098af5-9e67-4701-8b94-df0c599d42f8\000
c:\users\administrateur.win-caqun4j20na\appdata\local\temp\wst\3c7d23a2-e052-4b09-a333-2e475be92628\000
c:\users\administrateur.win-caqun4j20na\appdata\local\temp\wst\260fbf9b-588f-491e-87ae-6a384c324c72\000
c:\users\administrateur.win-caqun4j20na\appdata\local\temp\wst\3fb04494-b0d4-4af1-a6b1-d0c91be48177\000
c:\users\administrateur.win-caqun4j20na\appdata\local\temp\wst\c6337d17-6933-4fb0-9a2c-d90e0b575ca4\002
c:\users\administrateur.win-caqun4j20na\appdata\local\temp\wst\bf11e13e-4fb9-42e6-b5b8-8883ee1354d9\001
c:\users\administrateur.win-caqun4j20na\appdata\local\temp\wst\d8098af5-9e67-4701-8b94-df0c599d42f8\001
z:\shared\fsfilter1\x64\debug\fsfilter1.cer
z:\shared\fsfilter1\x64\debug\fsfilter1.inf
z:\shared\fsfilter1\fsfilter1\x64\debug\fsfilter1.tlog\inf2cat-expand.3012.read.1.tlog
z:\shared\fsfilter1\fsfilter1\x64\debug\fsfilter1.tlog\inf2cat-expand.4224.write.1.tlog
z:\shared\fsfilter1\fsfilter1\x64\debug\fsfilter1.tlog\signtool.write.1.tlog
z:\shared\fsfilter1\fsfilter1\x64\debug\fsfilter1.tlog\inf2cat-expand.3536.write.1.tlog
z:\shared\fsfilter1\fsfilter1\x64\debug\fsfilter1.tlog\inf2cat-expand.4744.write.1.tlog
z:\shared\fsfilter1\fsfilter1\x64\debug\fsfilter1.tlog\inf2cat-expand.4928.read.1.tlog
z:\shared\fsfilter1\fsfilter1\x64\debug\fsfilter1.tlog\inf2cat-expand.3184.read.1.tlog
z:\shared\fsfilter1\fsfilter1\x64\debug\fsfilter1.tlog\inf2cat-expand.1932.write.1.tlog
z:\shared\fsfilter1\fsfilter1\x64\debug\fsfilter1.tlog\inf2cat-expand.5040.read.1.tlog
z:\shared\fsfilter1\fsfilter1\x64\debug\fsfilter1.tlog\inf2cat-expand.3636.read.1.tlog
z:\shared\fsfilter1\fsfilter1\x64\debug\fsfilter1.tlog\inf2cat-expand.4836.write.1.tlog
z:\shared\fsfilter1\fsfilter1\x64\debug\fsfilter1.tlog\inf2cat-expand.4640.read.1.tlog
z:\shared\fsfilter1\fsfilter1\x64\debug\fsfilter1.tlog\inf2cat-expand.1256.read.1.tlog
z:\shared\fsfilter1\fsfilter1\x64\debug\fsfilter1.tlog\inf2cat-expand.4836.read.1.tlog
z:\shared\fsfilter1\fsfilter1\x64\debug\fsfilter1.tlog\inf2cat-expand.2684.read.1.tlog
z:\shared\fsfilter1\fsfilter1\x64\debug\fsfilter1.tlog\inf2cat-expand.3564.read.1.tlog
z:\shared\fsfilter1\fsfilter1\x64\debug\fsfilter1.tlog\signtool.timestamp.1.tlog
z:\shared\fsfilter1\fsfilter1\x64\debug\fsfilter1.tlog\cl.write.1.tlog
z:\shared\fsfilter1\fsfilter1\x64\debug\fsfilter1.tlog\inf2cat-expand.3020.read.1.tlog
z:\shared\fsfilter1\fsfilter1\x64\debug\fsfilter1.tlog\inf2cat-expand.4944.write.1.tlog
z:\shared\fsfilter1\fsfilter1\x64\debug\fsfilter1.tlog\inf2cat-expand.4488.read.1.tlog
z:\shared\fsfilter1\fsfilter1\x64\debug\fsfilter1.tlog\inf2cat-expand.3120.write.1.tlog
z:\shared\fsfilter1\fsfilter1\x64\debug\fsfilter1.tlog\inf2cat-expand.2580.write.1.tlog
z:\shared\fsfilter1\fsfilter1\x64\debug\fsfilter1.tlog\inf2cat-expand.2512.read.1.tlog
z:\shared\fsfilter1\fsfilter1\x64\debug\fsfilter1.tlog\inf2cat-expand.4200.read.1.tlog
z:\shared\fsfilter1\fsfilter1\x64\debug\fsfilter1.tlog\inf2cat-expand.3252.write.1.tlog
z:\shared\fsfilter1\fsfilter1\x64\debug\fsfilter1.tlog\inf2cat.read.1.tlog
z:\shared\fsfilter1\fsfilter1\x64\debug\fsfilter1.tlog\inf2cat-expand.3344.read.1.tlog
z:\shared\fsfilter1\fsfilter1\x64\debug\fsfilter1.tlog\inf2cat-expand.204.read.1.tlog
z:\shared\fsfilter1\fsfilter1\x64\debug\fsfilter1.tlog\inf2cat-expand.3916.write.1.tlog
z:\shared\fsfilter1\fsfilter1\x64\debug\fsfilter1.tlog\inf2cat-expand.3236.write.1.tlog
z:\shared\fsfilter1\fsfilter1\x64\debug\fsfilter1.tlog\inf2cat-expand.2436.write.1.tlog
z:\shared\fsfilter1\fsfilter1\x64\debug\fsfilter1.tlog\link.command.1.tlog
z:\shared\fsfilter1\fsfilter1\x64\debug\fsfilter1.tlog\inf2cat-expand.3396.read.1.tlog
z:\shared\fsfilter1\fsfilter1\x64\debug\fsfilter1.tlog\inf2cat-expand.3736.read.1.tlog
z:\shared\fsfilter1\fsfilter1\x64\debug\fsfilter1.tlog\inf2cat-expand.2436.read.1.tlog
z:\shared\fsfilter1\fsfilter1\x64\debug\fsfilter1.tlog\inf2cat-expand.2276.read.1.tlog
z:\shared\fsfilter1\fsfilter1\x64\debug\fsfilter1.tlog\inf2cat-expand.4676.read.1.tlog
z:\shared\fsfilter1\fsfilter1\x64\debug\fsfilter1.tlog\stampinf.write.1.tlog
z:\shared\fsfilter1\fsfilter1\x64\debug\fsfilter1.tlog\inf2cat-expand.1080.write.1.tlog
z:\shared\fsfilter1\fsfilter1\x64\debug\fsfilter1.tlog\inf2cat-expand.3564.write.1.tlog
z:\shared\fsfilter1\fsfilter1\x64\debug\fsfilter1.tlog\inf2cat-expand.3164.write.1.tlog
z:\shared\fsfilter1\fsfilter1\x64\debug\fsfilter1.tlog\inf2cat-expand.4180.write.1.tlog
z:\shared\fsfilter1\fsfilter1\x64\debug\fsfilter1.tlog\inf2cat-expand.2844.read.1.tlog
z:\shared\fsfilter1\fsfilter1\x64\debug\fsfilter1.tlog\inf2cat-expand.4648.write.1.tlog
z:\shared\fsfilter1\fsfilter1\x64\debug\fsfilter1.tlog\inf2cat-expand.4768.write.1.tlog
z:\shared\fsfilter1\fsfilter1\x64\debug\fsfilter1.tlog\inf2cat-expand.3236.read.1.tlog
z:\shared\fsfilter1\fsfilter1\x64\debug\fsfilter1.tlog\inf2cat-expand.3120.read.1.tlog
z:\shared\fsfilter1\fsfilter1\x64\debug\fsfilter1.tlog\inf2cat-expand.4488.write.1.tlog
z:\shared\fsfilter1\fsfilter1\x64\debug\fsfilter1.tlog\inf2cat-expand.2844.write.1.tlog
z:\shared\fsfilter1\fsfilter1\x64\debug\fsfilter1.tlog\inf2cat-expand.4076.read.1.tlog
z:\shared\fsfilter1\fsfilter1\x64\debug\fsfilter1.tlog\inf2cat-expand.4116.write.1.tlog
z:\shared\fsfilter1\fsfilter1\x64\debug\fsfilter1.tlog\inf2cat-expand.4640.write.1.tlog
z:\shared\fsfilter1\fsfilter1\x64\debug\fsfilter1.tlog\inf2cat-expand.1256.write.1.tlog
z:\shared\fsfilter1\fsfilter1\x64\debug\fsfilter1.tlog\inf2cat-expand.1644.write.1.tlog
z:\shared\fsfilter1\fsfilter1\x64\debug\fsfilter1.tlog\inf2cat-expand.3356.write.1.tlog
z:\shared\fsfilter1\fsfilter1\x64\debug\fsfilter1.tlog\inf2cat-expand.5040.write.1.tlog
z:\shared\fsfilter1\fsfilter1\x64\debug\fsfilter1.tlog\inf2cat-expand.3804.read.1.tlog
z:\shared\fsfilter1\fsfilter1\x64\debug\fsfilter1.tlog\inf2cat-expand.3496.write.1.tlog
z:\shared\fsfilter1\fsfilter1\x64\debug\fsfilter1.tlog\inf2cat-expand.3344.write.1.tlog
z:\shared\fsfilter1\fsfilter1\x64\debug\fsfilter1.tlog\inf2cat-expand.4460.write.1.tlog
z:\shared\fsfilter1\fsfilter1\x64\debug\fsfilter1.tlog\inf2cat-expand.4968.read.1.tlog
z:\shared\fsfilter1\fsfilter1\x64\debug\fsfilter1.tlog\rc.read.1.tlog
z:\shared\fsfilter1\fsfilter1\x64\debug\fsfilter1.tlog\inf2cat-expand.3012.write.1.tlog
z:\shared\fsfilter1\fsfilter1\x64\debug\fsfilter1.tlog\inf2cat-expand.4200.write.1.tlog
z:\shared\fsfilter1\fsfilter1\x64\debug\fsfilter1.tlog\inf2cat-expand.1676.write.1.tlog
z:\shared\fsfilter1\fsfilter1\x64\debug\fsfilter1.tlog\inf2cat-expand.4136.read.1.tlog
z:\shared\fsfilter1\fsfilter1\x64\debug\fsfilter1.tlog\inf2cat-expand.204.write.1.tlog
z:\shared\fsfilter1\fsfilter1\x64\debug\fsfilter1.tlog\inf2cat-expand.4300.read.1.tlog
z:\shared\fsfilter1\fsfilter1\x64\debug\fsfilter1.tlog\inf2cat-expand.1644.read.1.tlog
z:\shared\fsfilter1\fsfilter1\x64\debug\fsfilter1.tlog\inf2cat-expand.2580.read.1.tlog
z:\shared\fsfilter1\fsfilter1\x64\debug\fsfilter1.tlog\inf2cat-expand.3496.read.1.tlog
z:\shared\fsfilter1\fsfilter1\x64\debug\fsfilter1.tlog\inf2cat-expand.4136.write.1.tlog
z:\shared\fsfilter1\fsfilter1\x64\debug\fsfilter1.tlog\stampinf.read.1.tlog
z:\shared\fsfilter1\fsfilter1\x64\debug\fsfilter1.tlog\link.write.1.tlog
z:\shared\fsfilter1\fsfilter1\x64\debug\fsfilter1.tlog\inf2cat-expand.4996.write.1.tlog
z:\shared\fsfilter1\fsfilter1\x64\debug\fsfilter1.tlog\inf2cat-expand.4396.read.1.tlog
z:\shared\fsfilter1\fsfilter1\x64\debug\fsfilter1.tlog\signtool.command.1.tlog
z:\shared\fsfilter1\fsfilter1\x64\debug\fsfilter1.tlog\inf2cat-expand.4116.read.1.tlog
z:\shared\fsfilter1\fsfilter1\x64\debug\fsfilter1.tlog\inf2cat-expand.4396.write.1.tlog
z:\shared\fsfilter1\fsfilter1\x64\debug\fsfilter1.tlog\inf2cat-expand.3532.read.1.tlog
z:\shared\fsfilter1\fsfilter1\x64\debug\fsfilter1.tlog\inf2cat-expand.3184.write.1.tlog
z:\shared\fsfilter1\fsfilter1\x64\debug\fsfilter1.tlog\inf2cat-expand.228.read.1.tlog
z:\shared\fsfilter1\fsfilter1\x64\debug\fsfilter1.tlog\inf2cat-expand.4996.read.1.tlog
z:\shared\fsfilter1\fsfilter1\x64\debug\fsfilter1.tlog\inf2cat-expand.3804.write.1.tlog
z:\shared\fsfilter1\fsfilter1\x64\debug\fsfilter1.tlog\inf2cat-expand.2352.write.1.tlog
z:\shared\fsfilter1\fsfilter1\x64\debug\fsfilter1.tlog\inf2cat-expand.4076.write.1.tlog
z:\shared\fsfilter1\fsfilter1\x64\debug\fsfilter1.tlog\cl.command.1.tlog
z:\shared\fsfilter1\fsfilter1\x64\debug\fsfilter1.tlog\inf2cat-expand.2352.read.1.tlog
z:\shared\fsfilter1\fsfilter1\x64\debug\fsfilter1.tlog\inf2cat-expand.4952.read.1.tlog
z:\shared\fsfilter1\fsfilter1\x64\debug\fsfilter1.tlog\inf2cat.write.1.tlog
z:\shared\fsfilter1\fsfilter1\x64\debug\fsfilter1.tlog\inf2cat-expand.4744.read.1.tlog
z:\shared\fsfilter1\fsfilter1\x64\debug\fsfilter1.tlog\inf2cat-expand.4460.read.1.tlog
z:\shared\fsfilter1\fsfilter1\x64\debug\fsfilter1.tlog\inf2cat.command.1.tlog
z:\shared\fsfilter1\fsfilter1\x64\debug\fsfilter1.tlog\inf2cat-expand.4952.write.1.tlog
z:\shared\fsfilter1\fsfilter1\x64\debug\fsfilter1.tlog\inf2cat-expand.4648.read.1.tlog
z:\shared\fsfilter1\fsfilter1\x64\debug\fsfilter1.tlog\inf2cat-expand.4180.read.1.tlog
z:\shared\fsfilter1\fsfilter1\x64\debug\fsfilter1.tlog\inf2cat-expand.1080.read.1.tlog
z:\shared\fsfilter1\fsfilter1\x64\debug\fsfilter1.tlog\inf2cat-expand.192.write.1.tlog
z:\shared\fsfilter1\fsfilter1\x64\debug\fsfilter1.tlog\inf2cat-expand.3248.read.1.tlog
z:\shared\fsfilter1\fsfilter1\x64\debug\fsfilter1.tlog\inf2cat-expand.4712.write.1.tlog
z:\shared\fsfilter1\fsfilter1\x64\debug\fsfilter1.tlog\inf2cat-expand.4768.read.1.tlog
z:\shared\fsfilter1\fsfilter1\x64\debug\fsfilter1.tlog\inf2cat-expand.2640.write.1.tlog
z:\shared\fsfilter1\fsfilter1\x64\debug\fsfilter1.tlog\inf2cat-expand.3604.read.1.tlog
z:\shared\fsfilter1\fsfilter1\x64\debug\fsfilter1.tlog\inf2cat-expand.4224.read.1.tlog
z:\shared\fsfilter1\fsfilter1\x64\debug\fsfilter1.tlog\inf2cat-expand.4968.write.1.tlog
z:\shared\fsfilter1\fsfilter1\x64\debug\fsfilter1.tlog\stampinf.command.1.tlog
z:\shared\fsfilter1\fsfilter1\x64\debug\fsfilter1.tlog\inf2cat-expand.1676.read.1.tlog
z:\shared\fsfilter1\fsfilter1\x64\debug\fsfilter1.tlog\inf2cat-expand.4944.read.1.tlog
z:\shared\fsfilter1\fsfilter1\x64\debug\fsfilter1.tlog\inf2cat-expand.228.write.1.tlog
z:\shared\fsfilter1\fsfilter1\x64\debug\fsfilter1.tlog\inf2cat-expand.3020.write.1.tlog
z:\shared\fsfilter1\fsfilter1\x64\debug\fsfilter1.tlog\inf2cat-expand.3396.write.1.tlog
z:\shared\fsfilter1\fsfilter1\x64\debug\fsfilter1.tlog\cl.read.1.tlog
z:\shared\fsfilter1\fsfilter1\x64\debug\fsfilter1.tlog\inf2cat-expand.4300.write.1.tlog
z:\shared\fsfilter1\fsfilter1\x64\debug\fsfilter1.tlog\inf2cat-expand.read.1.tlog
z:\shared\fsfilter1\fsfilter1\x64\debug\fsfilter1.tlog\inf2cat-expand.3340.write.1.tlog
z:\shared\fsfilter1\fsfilter1\x64\debug\fsfilter1.tlog\inf2cat-expand.3604.write.1.tlog
z:\shared\fsfilter1\fsfilter1\x64\debug\fsfilter1.tlog\inf2cat-expand.3356.read.1.tlog
z:\shared\fsfilter1\fsfilter1\x64\debug\fsfilter1.tlog\inf2cat-expand.3164.read.1.tlog
z:\shared\fsfilter1\fsfilter1\x64\debug\fsfilter1.tlog\link.read.1.tlog
z:\shared\fsfilter1\fsfilter1\x64\debug\fsfilter1.tlog\inf2cat-expand.2276.write.1.tlog
z:\shared\fsfilter1\fsfilter1\x64\debug\fsfilter1.tlog\inf2cat-expand.276.read.1.tlog
z:\shared\fsfilter1\fsfilter1\x64\debug\fsfilter1.tlog\inf2cat-expand.4720.write.1.tlog
z:\shared\fsfilter1\fsfilter1\x64\debug\fsfilter1.tlog\inf2cat-expand.3636.write.1.tlog
z:\shared\fsfilter1\fsfilter1\x64\debug\fsfilter1.tlog\inf2cat-expand.3532.write.1.tlog
z:\shared\fsfilter1\fsfilter1\x64\debug\fsfilter1.tlog\signtool.read.1.tlog
z:\shared\fsfilter1\fsfilter1\x64\debug\fsfilter1.tlog\inf2cat-expand.5048.write.1.tlog
z:\shared\fsfilter1\fsfilter1\x64\debug\fsfilter1.tlog\inf2cat-expand.4612.write.1.tlog
z:\shared\fsfilter1\fsfilter1\x64\debug\fsfilter1.tlog\inf2cat-expand.3252.read.1.tlog
z:\shared\fsfilter1\fsfilter1\x64\debug\fsfilter1.tlog\inf2cat-expand.2684.write.1.tlog
z:\shared\fsfilter1\fsfilter1\x64\debug\fsfilter1.tlog\inf2cat-expand.3248.write.1.tlog
z:\shared\fsfilter1\fsfilter1\x64\debug\fsfilter1.tlog\inf2cat-expand.276.write.1.tlog
z:\shared\fsfilter1\fsfilter1\x64\debug\fsfilter1.tlog\rc.write.1.tlog
z:\shared\fsfilter1\fsfilter1\x64\debug\fsfilter1.tlog\inf2cat-expand.2640.read.1.tlog
z:\shared\fsfilter1\fsfilter1\x64\debug\fsfilter1.tlog\inf2cat-expand.4720.read.1.tlog
z:\shared\fsfilter1\fsfilter1\x64\debug\fsfilter1.tlog\rc.command.1.tlog
z:\shared\fsfilter1\fsfilter1\x64\debug\fsfilter1.tlog\inf2cat-expand.2512.write.1.tlog
z:\shared\fsfilter1\fsfilter1\x64\debug\fsfilter1.tlog\inf2cat-expand.5048.read.1.tlog
z:\shared\fsfilter1\fsfilter1\x64\debug\fsfilter1.tlog\inf2cat-expand.192.read.1.tlog
z:\shared\fsfilter1\fsfilter1\x64\debug\fsfilter1.tlog\inf2cat-expand.4612.read.1.tlog
z:\shared\fsfilter1\fsfilter1\x64\debug\fsfilter1.tlog\inf2cat-expand.write.1.tlog
z:\shared\fsfilter1\fsfilter1\x64\debug\fsfilter1.tlog\inf2cat-expand.4712.read.1.tlog
z:\shared\fsfilter1\fsfilter1\x64\debug\fsfilter1.tlog\inf2cat-expand.4928.write.1.tlog
z:\shared\fsfilter1\fsfilter1\x64\debug\fsfilter1.tlog\inf2cat-expand.3916.read.1.tlog
z:\shared\fsfilter1\fsfilter1\x64\debug\fsfilter1.tlog\inf2cat-expand.1932.read.1.tlog
z:\shared\fsfilter1\fsfilter1\x64\debug\fsfilter1.tlog\inf2cat-expand.3536.read.1.tlog
z:\shared\fsfilter1\fsfilter1\x64\debug\fsfilter1.tlog\inf2cat-expand.3736.write.1.tlog
z:\shared\fsfilter1\fsfilter1\x64\debug\fsfilter1.tlog\inf2cat-expand.3340.read.1.tlog
z:\shared\fsfilter1\fsfilter1\x64\debug\fsfilter1.tlog\inf2cat-expand.4676.write.1.tlog
